{
  "RSpec": {
    "coverage": {
      "/Users/bam/turing/3mod/projects/whether_sweater/config/environment.rb": {
        "lines": [
          null,
          1,
          null,
          null,
          1
        ]
      },
      "/Users/bam/turing/3mod/projects/whether_sweater/config/application.rb": {
        "lines": [
          1,
          null,
          1,
          null,
          null,
          null,
          1,
          null,
          1,
          1,
          null,
          1,
          null,
          null,
          null,
          null,
          null,
          null,
          null,
          null,
          null,
          null,
          null,
          null,
          1,
          null,
          null
        ]
      },
      "/Users/bam/turing/3mod/projects/whether_sweater/config/boot.rb": {
        "lines": [
          1,
          null,
          1,
          1
        ]
      },
      "/Users/bam/turing/3mod/projects/whether_sweater/config/environments/test.rb": {
        "lines": [
          1,
          null,
          null,
          null,
          null,
          null,
          null,
          1,
          null,
          null,
          null,
          1,
          null,
          null,
          null,
          null,
          1,
          null,
          null,
          1,
          1,
          null,
          null,
          null,
          null,
          1,
          1,
          1,
          null,
          null,
          1,
          null,
          null,
          1,
          null,
          null,
          1,
          null,
          1,
          null,
          null,
          null,
          null,
          1,
          null,
          null,
          1,
          null,
          null,
          1,
          null,
          null,
          1,
          null,
          null,
          null,
          null,
          null,
          null,
          null
        ]
      },
      "/Users/bam/turing/3mod/projects/whether_sweater/config/initializers/cors.rb": {
        "lines": [
          null,
          null,
          null,
          null,
          null,
          null,
          null,
          null,
          null,
          null,
          null,
          null,
          null,
          null,
          null,
          null
        ]
      },
      "/Users/bam/turing/3mod/projects/whether_sweater/config/initializers/filter_parameter_logging.rb": {
        "lines": [
          null,
          null,
          null,
          null,
          null,
          1,
          null,
          null
        ]
      },
      "/Users/bam/turing/3mod/projects/whether_sweater/config/initializers/inflections.rb": {
        "lines": [
          null,
          null,
          null,
          null,
          null,
          null,
          null,
          null,
          null,
          null,
          null,
          null,
          null,
          null,
          null,
          null
        ]
      },
      "/Users/bam/turing/3mod/projects/whether_sweater/config/routes.rb": {
        "lines": [
          1,
          1,
          1,
          1,
          null,
          null,
          null
        ]
      },
      "/Users/bam/turing/3mod/projects/whether_sweater/spec/facades/geocoding_facade_spec.rb": {
        "lines": [
          1,
          null,
          1,
          1,
          1,
          1,
          null,
          1,
          1,
          null,
          1,
          null,
          1,
          1,
          null,
          null,
          null
        ]
      },
      "/Users/bam/turing/3mod/projects/whether_sweater/spec/requests/forecast_request_spec.rb": {
        "lines": [
          1,
          null,
          1,
          1,
          1,
          1,
          3,
          null,
          null,
          1,
          1,
          null,
          1,
          null,
          null,
          null,
          1,
          1,
          null,
          1,
          null,
          1,
          1,
          1,
          1,
          1,
          1,
          1,
          1,
          1,
          1,
          1,
          1,
          1,
          1,
          1,
          1,
          1,
          1,
          1,
          1,
          1,
          1,
          1,
          null,
          null,
          1,
          1,
          null,
          1,
          null,
          1,
          1,
          1,
          1,
          1,
          1,
          1,
          1,
          1,
          1,
          1,
          1,
          1,
          1,
          1,
          1,
          1,
          1,
          1,
          1,
          1,
          1,
          1,
          1,
          1,
          1,
          1,
          1,
          1,
          1,
          1,
          1,
          1,
          1,
          1,
          null,
          null,
          null,
          null
        ]
      },
      "/Users/bam/turing/3mod/projects/whether_sweater/app/controllers/api/v1/forecast_controller.rb": {
        "lines": [
          1,
          1,
          6,
          null,
          6,
          6,
          null,
          6,
          null,
          6,
          6,
          6,
          null,
          6,
          null,
          null
        ]
      },
      "/Users/bam/turing/3mod/projects/whether_sweater/app/controllers/application_controller.rb": {
        "lines": [
          1,
          null
        ]
      },
      "/Users/bam/turing/3mod/projects/whether_sweater/spec/requests/geocoding_request_spec.rb": {
        "lines": [

        ]
      },
      "/Users/bam/turing/3mod/projects/whether_sweater/spec/services/forecast_service_spec.rb": {
        "lines": [
          1,
          null,
          1,
          1,
          1,
          3,
          null,
          null,
          1,
          1,
          null,
          1,
          null,
          null,
          1,
          1,
          null,
          1,
          null,
          1,
          1,
          1,
          1,
          1,
          1,
          1,
          1,
          1,
          1,
          1,
          1,
          1,
          1,
          1,
          1,
          1,
          1,
          1,
          1,
          1,
          1,
          1,
          null,
          null,
          1,
          1,
          null,
          1,
          null,
          1,
          1,
          1,
          1,
          1,
          1,
          1,
          1,
          1,
          1,
          1,
          1,
          1,
          1,
          1,
          1,
          1,
          1,
          1,
          1,
          1,
          1,
          1,
          1,
          1,
          1,
          1,
          1,
          1,
          1,
          1,
          1,
          1,
          1,
          1,
          null,
          null,
          null
        ]
      },
      "/Users/bam/turing/3mod/projects/whether_sweater/spec/services/geocoding_service_spec.rb": {
        "lines": [
          1,
          null,
          1,
          1,
          1,
          1,
          1,
          null,
          1,
          null,
          1,
          1,
          1,
          1,
          null,
          1,
          1,
          1,
          1,
          1,
          1,
          1,
          1,
          1,
          1,
          1,
          1,
          1,
          1,
          1,
          1,
          1,
          1,
          1,
          1,
          1,
          1,
          1,
          1,
          1,
          1,
          1,
          1,
          1,
          1,
          1,
          1,
          1,
          1,
          1,
          null,
          null,
          null
        ]
      },
      "/Users/bam/turing/3mod/projects/whether_sweater/app/facades/forecast_facade.rb": {
        "lines": [
          1,
          1,
          7,
          7,
          null,
          null
        ]
      },
      "/Users/bam/turing/3mod/projects/whether_sweater/app/services/forecast_service.rb": {
        "lines": [
          1,
          null,
          1,
          8,
          null,
          null,
          1,
          8,
          8,
          null,
          null,
          1,
          8,
          8,
          8,
          null,
          null,
          null
        ]
      },
      "/Users/bam/turing/3mod/projects/whether_sweater/app/poros/forecast.rb": {
        "lines": [
          1,
          1,
          null,
          1,
          7,
          7,
          7,
          7,
          7,
          null,
          null,
          1,
          null,
          7,
          null,
          null,
          null,
          null,
          null,
          null,
          null,
          null,
          null,
          null,
          1,
          7,
          null,
          35,
          null,
          null,
          null,
          null,
          null,
          null,
          null,
          null,
          null,
          null,
          1,
          7,
          null,
          168,
          null,
          null,
          null,
          null,
          null,
          null,
          null
        ]
      },
      "/Users/bam/turing/3mod/projects/whether_sweater/app/facades/geocoding_facade.rb": {
        "lines": [
          1,
          1,
          7,
          7,
          null,
          null
        ]
      },
      "/Users/bam/turing/3mod/projects/whether_sweater/app/services/geocoding_service.rb": {
        "lines": [
          1,
          1,
          7,
          null,
          null,
          1,
          7,
          7,
          null,
          null,
          1,
          7,
          7,
          null,
          null,
          null,
          null
        ]
      },
      "/Users/bam/turing/3mod/projects/whether_sweater/app/poros/geocoding.rb": {
        "lines": [
          1,
          1,
          null,
          1,
          7,
          7,
          null,
          null
        ]
      },
      "/Users/bam/turing/3mod/projects/whether_sweater/app/serializers/forecast_serializer.rb": {
        "lines": [
          1,
          1,
          1,
          null
        ]
      }
    },
    "timestamp": 1695616483
  }
}
